09:46:22.480 [DEBUG] [org.gradle.launcher.daemon.bootstrap.DaemonMain] Assuming the daemon was started with following jvm opts: [-XX:+HeapDumpOnOutOfMemoryError, -Xmx1024m, -Dfile.encoding=UTF-8, -Duser.country=RU, -Duser.language=ru, -Duser.variant]
09:46:22.618 [DEBUG] [org.gradle.internal.nativeintegration.services.NativeServices] Native-platform posix files integration is not available. Continuing with fallback.
09:46:22.695 [INFO] [org.gradle.launcher.daemon.server.Daemon] start() called on daemon - DefaultDaemonContext[uid=aa87277f-9203-4b60-a0f3-28babba78fd0,javaHome=C:\Program Files\Java\jdk1.8.0_161,daemonRegistryDir=C:\Users\sergey.tselin\Desktop\Сергей\Личное\Software\java_pft\sandbox\daemon,pid=7948,idleTimeout=10800000,daemonOpts=-XX:+HeapDumpOnOutOfMemoryError,-Xmx1024m,-Dfile.encoding=UTF-8,-Duser.country=RU,-Duser.language=ru,-Duser.variant]
09:46:22.771 [DEBUG] [org.gradle.internal.remote.internal.inet.InetAddresses] Adding IP addresses for network interface Software Loopback Interface 1
09:46:22.771 [DEBUG] [org.gradle.internal.remote.internal.inet.InetAddresses] Is this a loopback interface? true
09:46:22.772 [DEBUG] [org.gradle.internal.remote.internal.inet.InetAddresses] Is this a multicast interface? true
09:46:22.772 [DEBUG] [org.gradle.internal.remote.internal.inet.InetAddresses] Adding loopback address /127.0.0.1
09:46:22.774 [DEBUG] [org.gradle.internal.remote.internal.inet.InetAddresses] Adding loopback address /0:0:0:0:0:0:0:1
09:46:22.775 [DEBUG] [org.gradle.internal.remote.internal.inet.InetAddresses] Adding loopback multicast interface Software Loopback Interface 1
09:46:22.775 [DEBUG] [org.gradle.internal.remote.internal.inet.InetAddresses] Adding IP addresses for network interface WAN Miniport (SSTP)
09:46:22.776 [DEBUG] [org.gradle.internal.remote.internal.inet.InetAddresses] Is this a loopback interface? false
09:46:22.776 [DEBUG] [org.gradle.internal.remote.internal.inet.InetAddresses] Is this a multicast interface? true
09:46:22.777 [DEBUG] [org.gradle.internal.remote.internal.inet.InetAddresses] Adding loopback multicast interface WAN Miniport (SSTP)
09:46:22.777 [DEBUG] [org.gradle.internal.remote.internal.inet.InetAddresses] Adding IP addresses for network interface WAN Miniport (IP)
09:46:22.777 [DEBUG] [org.gradle.internal.remote.internal.inet.InetAddresses] Is this a loopback interface? false
09:46:22.778 [DEBUG] [org.gradle.internal.remote.internal.inet.InetAddresses] Is this a multicast interface? true
09:46:22.779 [DEBUG] [org.gradle.internal.remote.internal.inet.InetAddresses] Adding loopback multicast interface WAN Miniport (IP)
09:46:22.779 [DEBUG] [org.gradle.internal.remote.internal.inet.InetAddresses] Adding IP addresses for network interface WAN Miniport (IPv6)
09:46:22.779 [DEBUG] [org.gradle.internal.remote.internal.inet.InetAddresses] Is this a loopback interface? false
09:46:22.780 [DEBUG] [org.gradle.internal.remote.internal.inet.InetAddresses] Is this a multicast interface? true
09:46:22.780 [DEBUG] [org.gradle.internal.remote.internal.inet.InetAddresses] Adding loopback multicast interface WAN Miniport (IPv6)
09:46:22.780 [DEBUG] [org.gradle.internal.remote.internal.inet.InetAddresses] Adding IP addresses for network interface WAN Miniport (Network Monitor)
09:46:22.781 [DEBUG] [org.gradle.internal.remote.internal.inet.InetAddresses] Is this a loopback interface? false
09:46:22.782 [DEBUG] [org.gradle.internal.remote.internal.inet.InetAddresses] Is this a multicast interface? true
09:46:22.782 [DEBUG] [org.gradle.internal.remote.internal.inet.InetAddresses] Adding loopback multicast interface WAN Miniport (Network Monitor)
09:46:22.782 [DEBUG] [org.gradle.internal.remote.internal.inet.InetAddresses] Adding IP addresses for network interface WAN Miniport (L2TP)
09:46:22.783 [DEBUG] [org.gradle.internal.remote.internal.inet.InetAddresses] Is this a loopback interface? false
09:46:22.783 [DEBUG] [org.gradle.internal.remote.internal.inet.InetAddresses] Is this a multicast interface? true
09:46:22.784 [DEBUG] [org.gradle.internal.remote.internal.inet.InetAddresses] Adding loopback multicast interface WAN Miniport (L2TP)
09:46:22.784 [DEBUG] [org.gradle.internal.remote.internal.inet.InetAddresses] Adding IP addresses for network interface WAN Miniport (PPPOE)
09:46:22.785 [DEBUG] [org.gradle.internal.remote.internal.inet.InetAddresses] Is this a loopback interface? false
09:46:22.785 [DEBUG] [org.gradle.internal.remote.internal.inet.InetAddresses] Is this a multicast interface? true
09:46:22.786 [DEBUG] [org.gradle.internal.remote.internal.inet.InetAddresses] Adding loopback multicast interface WAN Miniport (PPPOE)
09:46:22.786 [DEBUG] [org.gradle.internal.remote.internal.inet.InetAddresses] Adding IP addresses for network interface Teredo Tunneling Pseudo-Interface
09:46:22.786 [DEBUG] [org.gradle.internal.remote.internal.inet.InetAddresses] Is this a loopback interface? false
09:46:22.787 [DEBUG] [org.gradle.internal.remote.internal.inet.InetAddresses] Is this a multicast interface? true
09:46:22.787 [DEBUG] [org.gradle.internal.remote.internal.inet.InetAddresses] Adding loopback multicast interface Teredo Tunneling Pseudo-Interface
09:46:22.787 [DEBUG] [org.gradle.internal.remote.internal.inet.InetAddresses] Adding IP addresses for network interface Realtek PCIe GBE Family Controller
09:46:22.788 [DEBUG] [org.gradle.internal.remote.internal.inet.InetAddresses] Is this a loopback interface? false
09:46:22.788 [DEBUG] [org.gradle.internal.remote.internal.inet.InetAddresses] Is this a multicast interface? true
09:46:22.789 [DEBUG] [org.gradle.internal.remote.internal.inet.InetAddresses] Adding remote address /172.24.13.88
09:46:22.789 [DEBUG] [org.gradle.internal.remote.internal.inet.InetAddresses] Adding remote address /fe80:0:0:0:5db9:a951:9e70:d702%eth3
09:46:22.789 [DEBUG] [org.gradle.internal.remote.internal.inet.InetAddresses] Adding remote multicast interface Realtek PCIe GBE Family Controller
09:46:22.789 [DEBUG] [org.gradle.internal.remote.internal.inet.InetAddresses] Adding IP addresses for network interface WAN Miniport (PPTP)
09:46:22.790 [DEBUG] [org.gradle.internal.remote.internal.inet.InetAddresses] Is this a loopback interface? false
09:46:22.790 [DEBUG] [org.gradle.internal.remote.internal.inet.InetAddresses] Is this a multicast interface? true
09:46:22.791 [DEBUG] [org.gradle.internal.remote.internal.inet.InetAddresses] Adding loopback multicast interface WAN Miniport (PPTP)
09:46:22.791 [DEBUG] [org.gradle.internal.remote.internal.inet.InetAddresses] Adding IP addresses for network interface WAN Miniport (IKEv2)
09:46:22.792 [DEBUG] [org.gradle.internal.remote.internal.inet.InetAddresses] Is this a loopback interface? false
09:46:22.793 [DEBUG] [org.gradle.internal.remote.internal.inet.InetAddresses] Is this a multicast interface? true
09:46:22.793 [DEBUG] [org.gradle.internal.remote.internal.inet.InetAddresses] Adding loopback multicast interface WAN Miniport (IKEv2)
09:46:22.793 [DEBUG] [org.gradle.internal.remote.internal.inet.InetAddresses] Adding IP addresses for network interface Microsoft Kernel Debug Network Adapter
09:46:22.794 [DEBUG] [org.gradle.internal.remote.internal.inet.InetAddresses] Is this a loopback interface? false
09:46:22.794 [DEBUG] [org.gradle.internal.remote.internal.inet.InetAddresses] Is this a multicast interface? true
09:46:22.794 [DEBUG] [org.gradle.internal.remote.internal.inet.InetAddresses] Adding loopback multicast interface Microsoft Kernel Debug Network Adapter
09:46:22.794 [DEBUG] [org.gradle.internal.remote.internal.inet.InetAddresses] Adding IP addresses for network interface Realtek PCIe GBE Family Controller-WFP Native MAC Layer LightWeight Filter-0000
09:46:22.795 [DEBUG] [org.gradle.internal.remote.internal.inet.InetAddresses] Is this a loopback interface? false
09:46:22.795 [DEBUG] [org.gradle.internal.remote.internal.inet.InetAddresses] Is this a multicast interface? true
09:46:22.796 [DEBUG] [org.gradle.internal.remote.internal.inet.InetAddresses] Adding loopback multicast interface Realtek PCIe GBE Family Controller-WFP Native MAC Layer LightWeight Filter-0000
09:46:22.796 [DEBUG] [org.gradle.internal.remote.internal.inet.InetAddresses] Adding IP addresses for network interface Realtek PCIe GBE Family Controller-QoS Packet Scheduler-0000
09:46:22.796 [DEBUG] [org.gradle.internal.remote.internal.inet.InetAddresses] Is this a loopback interface? false
09:46:22.797 [DEBUG] [org.gradle.internal.remote.internal.inet.InetAddresses] Is this a multicast interface? true
09:46:22.797 [DEBUG] [org.gradle.internal.remote.internal.inet.InetAddresses] Adding loopback multicast interface Realtek PCIe GBE Family Controller-QoS Packet Scheduler-0000
09:46:22.797 [DEBUG] [org.gradle.internal.remote.internal.inet.InetAddresses] Adding IP addresses for network interface Realtek PCIe GBE Family Controller-WFP 802.3 MAC Layer LightWeight Filter-0000
09:46:22.798 [DEBUG] [org.gradle.internal.remote.internal.inet.InetAddresses] Is this a loopback interface? false
09:46:22.799 [DEBUG] [org.gradle.internal.remote.internal.inet.InetAddresses] Is this a multicast interface? true
09:46:22.799 [DEBUG] [org.gradle.internal.remote.internal.inet.InetAddresses] Adding loopback multicast interface Realtek PCIe GBE Family Controller-WFP 802.3 MAC Layer LightWeight Filter-0000
09:46:22.799 [DEBUG] [org.gradle.internal.remote.internal.inet.InetAddresses] Adding IP addresses for network interface WAN Miniport (IP)-WFP Native MAC Layer LightWeight Filter-0000
09:46:22.800 [DEBUG] [org.gradle.internal.remote.internal.inet.InetAddresses] Is this a loopback interface? false
09:46:22.801 [DEBUG] [org.gradle.internal.remote.internal.inet.InetAddresses] Is this a multicast interface? true
09:46:22.801 [DEBUG] [org.gradle.internal.remote.internal.inet.InetAddresses] Adding loopback multicast interface WAN Miniport (IP)-WFP Native MAC Layer LightWeight Filter-0000
09:46:22.801 [DEBUG] [org.gradle.internal.remote.internal.inet.InetAddresses] Adding IP addresses for network interface WAN Miniport (IP)-QoS Packet Scheduler-0000
09:46:22.802 [DEBUG] [org.gradle.internal.remote.internal.inet.InetAddresses] Is this a loopback interface? false
09:46:22.802 [DEBUG] [org.gradle.internal.remote.internal.inet.InetAddresses] Is this a multicast interface? true
09:46:22.802 [DEBUG] [org.gradle.internal.remote.internal.inet.InetAddresses] Adding loopback multicast interface WAN Miniport (IP)-QoS Packet Scheduler-0000
09:46:22.802 [DEBUG] [org.gradle.internal.remote.internal.inet.InetAddresses] Adding IP addresses for network interface WAN Miniport (IPv6)-WFP Native MAC Layer LightWeight Filter-0000
09:46:22.803 [DEBUG] [org.gradle.internal.remote.internal.inet.InetAddresses] Is this a loopback interface? false
09:46:22.803 [DEBUG] [org.gradle.internal.remote.internal.inet.InetAddresses] Is this a multicast interface? true
09:46:22.803 [DEBUG] [org.gradle.internal.remote.internal.inet.InetAddresses] Adding loopback multicast interface WAN Miniport (IPv6)-WFP Native MAC Layer LightWeight Filter-0000
09:46:22.803 [DEBUG] [org.gradle.internal.remote.internal.inet.InetAddresses] Adding IP addresses for network interface WAN Miniport (IPv6)-QoS Packet Scheduler-0000
09:46:22.804 [DEBUG] [org.gradle.internal.remote.internal.inet.InetAddresses] Is this a loopback interface? false
09:46:22.805 [DEBUG] [org.gradle.internal.remote.internal.inet.InetAddresses] Is this a multicast interface? true
09:46:22.805 [DEBUG] [org.gradle.internal.remote.internal.inet.InetAddresses] Adding loopback multicast interface WAN Miniport (IPv6)-QoS Packet Scheduler-0000
09:46:22.805 [DEBUG] [org.gradle.internal.remote.internal.inet.InetAddresses] Adding IP addresses for network interface WAN Miniport (Network Monitor)-WFP Native MAC Layer LightWeight Filter-0000
09:46:22.805 [DEBUG] [org.gradle.internal.remote.internal.inet.InetAddresses] Is this a loopback interface? false
09:46:22.806 [DEBUG] [org.gradle.internal.remote.internal.inet.InetAddresses] Is this a multicast interface? true
09:46:22.806 [DEBUG] [org.gradle.internal.remote.internal.inet.InetAddresses] Adding loopback multicast interface WAN Miniport (Network Monitor)-WFP Native MAC Layer LightWeight Filter-0000
09:46:22.806 [DEBUG] [org.gradle.internal.remote.internal.inet.InetAddresses] Adding IP addresses for network interface WAN Miniport (Network Monitor)-QoS Packet Scheduler-0000
09:46:22.807 [DEBUG] [org.gradle.internal.remote.internal.inet.InetAddresses] Is this a loopback interface? false
09:46:22.807 [DEBUG] [org.gradle.internal.remote.internal.inet.InetAddresses] Is this a multicast interface? true
09:46:22.807 [DEBUG] [org.gradle.internal.remote.internal.inet.InetAddresses] Adding loopback multicast interface WAN Miniport (Network Monitor)-QoS Packet Scheduler-0000
09:46:22.809 [DEBUG] [org.gradle.internal.remote.internal.inet.TcpIncomingConnector] Listening on [4f29f002-a19a-4277-a598-55c8671a43f6 port:50555, addresses:[/127.0.0.1, /0:0:0:0:0:0:0:1]].
09:46:22.821 [DEBUG] [org.gradle.launcher.daemon.server.Daemon] Daemon starting at: Wed Jun 06 09:46:22 MSK 2018, with address: [4f29f002-a19a-4277-a598-55c8671a43f6 port:50555, addresses:[/127.0.0.1, /0:0:0:0:0:0:0:1]]
09:46:22.821 [INFO] [org.gradle.launcher.daemon.server.DaemonRegistryUpdater] Advertising the daemon address to the clients: [4f29f002-a19a-4277-a598-55c8671a43f6 port:50555, addresses:[/127.0.0.1, /0:0:0:0:0:0:0:1]]
09:46:22.821 [DEBUG] [org.gradle.launcher.daemon.server.DaemonRegistryUpdater] Advertised daemon context: DefaultDaemonContext[uid=aa87277f-9203-4b60-a0f3-28babba78fd0,javaHome=C:\Program Files\Java\jdk1.8.0_161,daemonRegistryDir=C:\Users\sergey.tselin\Desktop\Сергей\Личное\Software\java_pft\sandbox\daemon,pid=7948,idleTimeout=10800000,daemonOpts=-XX:+HeapDumpOnOutOfMemoryError,-Xmx1024m,-Dfile.encoding=UTF-8,-Duser.country=RU,-Duser.language=ru,-Duser.variant]
09:46:22.822 [DEBUG] [org.gradle.launcher.daemon.registry.PersistentDaemonRegistry] Storing daemon address: [4f29f002-a19a-4277-a598-55c8671a43f6 port:50555, addresses:[/127.0.0.1, /0:0:0:0:0:0:0:1]], context: DefaultDaemonContext[uid=aa87277f-9203-4b60-a0f3-28babba78fd0,javaHome=C:\Program Files\Java\jdk1.8.0_161,daemonRegistryDir=C:\Users\sergey.tselin\Desktop\Сергей\Личное\Software\java_pft\sandbox\daemon,pid=7948,idleTimeout=10800000,daemonOpts=-XX:+HeapDumpOnOutOfMemoryError,-Xmx1024m,-Dfile.encoding=UTF-8,-Duser.country=RU,-Duser.language=ru,-Duser.variant]
09:46:22.831 [DEBUG] [org.gradle.cache.internal.DefaultFileLockManager] Waiting to acquire exclusive lock on daemon addresses registry.
09:46:22.834 [DEBUG] [org.gradle.cache.internal.DefaultFileLockManager] Lock acquired on daemon addresses registry.
09:46:22.842 [DEBUG] [org.gradle.cache.internal.DefaultFileLockManager] Releasing lock on daemon addresses registry.
09:46:22.846 [LIFECYCLE] [org.gradle.launcher.daemon.server.Daemon] Daemon server started.
09:46:22.848 [DEBUG] [org.gradle.launcher.daemon.bootstrap.DaemonStartupCommunication] Completed writing the daemon greeting. Closing streams...
09:46:22.856 [DEBUG] [org.gradle.launcher.daemon.server.Daemon] stopOnExpiration() called on daemon
09:46:22.857 [DEBUG] [org.gradle.launcher.daemon.server.Daemon] awaitExpiration() called on daemon
09:46:22.857 [DEBUG] [org.gradle.launcher.daemon.server.DaemonStateCoordinator] daemon is running. Sleeping until state changes.
09:46:22.858 [DEBUG] [org.gradle.internal.remote.internal.inet.TcpIncomingConnector] Accepted connection from /127.0.0.1:50556 to /127.0.0.1:50555.
09:46:22.887 [DEBUG] [org.gradle.launcher.daemon.server.SynchronizedDispatchConnection] thread 16: received class org.gradle.launcher.daemon.protocol.Build
09:46:22.887 [DEBUG] [org.gradle.launcher.daemon.server.DefaultDaemonConnection] thread 16: Received non-IO message from client: Build{id=dae92b86-f15a-43cd-b714-89044e77abb4, currentDir=C:\Users\sergey.tselin\Desktop\Сергей\Личное\Software\java_pft\sandbox}
09:46:22.887 [INFO] [org.gradle.launcher.daemon.server.DefaultIncomingConnectionHandler] Received command: Build{id=dae92b86-f15a-43cd-b714-89044e77abb4, currentDir=C:\Users\sergey.tselin\Desktop\Сергей\Личное\Software\java_pft\sandbox}.
09:46:22.887 [DEBUG] [org.gradle.launcher.daemon.server.DefaultIncomingConnectionHandler] Starting executing command: Build{id=dae92b86-f15a-43cd-b714-89044e77abb4, currentDir=C:\Users\sergey.tselin\Desktop\Сергей\Личное\Software\java_pft\sandbox} with connection: socket connection from /127.0.0.1:50555 to /127.0.0.1:50556.
09:46:22.889 [ERROR] [org.gradle.launcher.daemon.server.DaemonStateCoordinator] Command execution: started DaemonCommandExecution[command = Build{id=dae92b86-f15a-43cd-b714-89044e77abb4, currentDir=C:\Users\sergey.tselin\Desktop\Сергей\Личное\Software\java_pft\sandbox}, connection = DefaultDaemonConnection: socket connection from /127.0.0.1:50555 to /127.0.0.1:50556] after 0.0 minutes of idle
09:46:22.889 [INFO] [org.gradle.launcher.daemon.server.DaemonRegistryUpdater] Marking the daemon as busy, address: [4f29f002-a19a-4277-a598-55c8671a43f6 port:50555, addresses:[/127.0.0.1, /0:0:0:0:0:0:0:1]]
09:46:22.889 [DEBUG] [org.gradle.launcher.daemon.registry.PersistentDaemonRegistry] Marking busy by address: [4f29f002-a19a-4277-a598-55c8671a43f6 port:50555, addresses:[/127.0.0.1, /0:0:0:0:0:0:0:1]]
09:46:22.890 [DEBUG] [org.gradle.cache.internal.DefaultFileLockManager] Waiting to acquire exclusive lock on daemon addresses registry.
09:46:22.891 [DEBUG] [org.gradle.cache.internal.DefaultFileLockManager] Lock acquired on daemon addresses registry.
09:46:22.903 [DEBUG] [org.gradle.cache.internal.DefaultFileLockManager] Releasing lock on daemon addresses registry.
09:46:22.908 [DEBUG] [org.gradle.launcher.daemon.server.DaemonStateCoordinator] resetting idle timer
09:46:22.908 [DEBUG] [org.gradle.launcher.daemon.server.DaemonStateCoordinator] daemon is running. Sleeping until state changes.
09:46:22.909 [INFO] [org.gradle.launcher.daemon.server.exec.StartBuildOrRespondWithBusy] Daemon is about to start building Build{id=dae92b86-f15a-43cd-b714-89044e77abb4, currentDir=C:\Users\sergey.tselin\Desktop\Сергей\Личное\Software\java_pft\sandbox}. Dispatching build started information...
09:46:22.909 [DEBUG] [org.gradle.launcher.daemon.server.SynchronizedDispatchConnection] thread 18: dispatching class org.gradle.launcher.daemon.protocol.BuildStarted
09:46:22.911 [DEBUG] [org.gradle.launcher.daemon.server.exec.EstablishBuildEnvironment] Configuring env variables: {USERDOMAIN_ROAMINGPROFILE=FORS, LOCALAPPDATA=C:\Users\sergey.tselin\AppData\Local, PROCESSOR_LEVEL=6, USERDOMAIN=FORS, LOGONSERVER=\\VISERYS, JAVA_HOME=C:\Program Files\Java\jdk1.8.0_161, SESSIONNAME=Console, ALLUSERSPROFILE=C:\ProgramData, PROCESSOR_ARCHITECTURE=AMD64, PSModulePath=C:\Program Files\WindowsPowerShell\Modules;C:\Windows\system32\WindowsPowerShell\v1.0\Modules, SystemDrive=C:, MAVEN_HOME=C:\Program Files\maven\apache-maven-3.5.2-bin\apache-maven-3.5.2, OneDrive=C:\Users\sergey.tselin\OneDrive, APPDATA=C:\Users\sergey.tselin\AppData\Roaming, GRADLE_USER_HOME=C:\Users\sergey.tselin\Desktop\Сергей\Личное\Software\java_pft\sandbox, USERNAME=sergey.tselin, USERDNSDOMAIN=FORS.RU, ProgramFiles(x86)=C:\Program Files (x86), CommonProgramFiles=C:\Program Files\Common Files, JMETER_HOME=C:\Users\sergey.tselin\Desktop\Сергей\Програмы\apache-jmeter-4.0, Path=C:\Program Files (x86)\Common Files\Oracle\Java\javapath;C:\ProgramData\Oracle\Java\javapath;C:\Program Files (x86)\Intel\iCLS Client\;C:\Program Files\Intel\iCLS Client\;C:\Windows\system32;C:\Windows;C:\Windows\System32\Wbem;C:\Windows\System32\WindowsPowerShell\v1.0\;C:\Program Files (x86)\Intel\Intel(R) Management Engine Components\DAL;C:\Program Files\Intel\Intel(R) Management Engine Components\DAL;C:\Program Files (x86)\Intel\Intel(R) Management Engine Components\IPT;C:\Program Files\Intel\Intel(R) Management Engine Components\IPT;C:\Program Files (x86)\Skype\Phone\;C:\Program Files\TortoiseSVN\bin;C:\Program Files\Java;%JMETER_HOME%bin;C:\Program Files\Git\cmd;C:\Program Files\Java\jdk1.8.0_161\bin;C:\Users\sergey.tselin\Desktop\Сергей\Личное\Software\java_pft\sandbox;C:\Program Files\maven\apache-maven-3.5.2-bin\apache-maven-3.5.2\bin; C:\Program Files\Java, PATHEXT=.COM;.EXE;.BAT;.CMD;.VBS;.VBE;.JS;.JSE;.WSF;.WSH;.MSC, OS=Windows_NT, COMPUTERNAME=S-TCELIN, PROCESSOR_REVISION=5e03, CommonProgramW6432=C:\Program Files\Common Files, ComSpec=C:\Windows\system32\cmd.exe, ProgramData=C:\ProgramData, ProgramW6432=C:\Program Files, HOMEPATH=\Users\sergey.tselin, SystemRoot=C:\Windows, TEMP=C:\Users\SERGEY~1.TSE\AppData\Local\Temp, HOMEDRIVE=C:, PROCESSOR_IDENTIFIER=Intel64 Family 6 Model 94 Stepping 3, GenuineIntel, USERPROFILE=C:\Users\sergey.tselin, TMP=C:\Users\SERGEY~1.TSE\AppData\Local\Temp, M2_HOME=C:\Program Files\maven\apache-maven-3.5.2-bin\apache-maven-3.5.2, CommonProgramFiles(x86)=C:\Program Files (x86)\Common Files, ProgramFiles=C:\Program Files, PUBLIC=C:\Users\Public, NUMBER_OF_PROCESSORS=4, windir=C:\Windows}
09:46:22.922 [DEBUG] [org.gradle.launcher.daemon.server.exec.LogToClient] About to start relaying all logs to the client via the connection.
09:46:22.922 [INFO] [org.gradle.launcher.daemon.server.exec.LogToClient] The client will now receive all logging from the daemon (pid: 7948). The daemon log file: C:\Users\sergey.tselin\Desktop\Сергей\Личное\Software\java_pft\sandbox\daemon\4.8\daemon-7948.out.log
09:46:22.930 [INFO] [org.gradle.launcher.daemon.server.exec.LogAndCheckHealth] Starting build in new daemon [memory: 954,7 MB]
09:46:22.934 [DEBUG] [org.gradle.launcher.daemon.server.exec.ExecuteBuild] The daemon has started executing the build.
09:46:22.934 [DEBUG] [org.gradle.launcher.daemon.server.exec.ExecuteBuild] Executing build with daemon context: DefaultDaemonContext[uid=aa87277f-9203-4b60-a0f3-28babba78fd0,javaHome=C:\Program Files\Java\jdk1.8.0_161,daemonRegistryDir=C:\Users\sergey.tselin\Desktop\Сергей\Личное\Software\java_pft\sandbox\daemon,pid=7948,idleTimeout=10800000,daemonOpts=-XX:+HeapDumpOnOutOfMemoryError,-Xmx1024m,-Dfile.encoding=UTF-8,-Duser.country=RU,-Duser.language=ru,-Duser.variant]

Welcome to Gradle 4.8.

To run a build, run gradle <task> ...

To see a list of available tasks, run gradle tasks

To see a list of command-line options, run gradle --help

To see more detail about a task, run gradle help --task <task>

For troubleshooting, visit https://help.gradle.org

BUILD SUCCESSFUL in 12s
1 actionable task: 1 executed
09:46:26.131 [DEBUG] [org.gradle.launcher.daemon.server.exec.ExecuteBuild] The daemon has finished executing the build.
09:46:26.140 [DEBUG] [org.gradle.launcher.daemon.server.DaemonStateCoordinator] daemon is running. Sleeping until state changes.
09:46:26.140 [DEBUG] [org.gradle.launcher.daemon.server.DaemonStateCoordinator] Command execution: finished waiting for DaemonCommandExecution[command = Build{id=dae92b86-f15a-43cd-b714-89044e77abb4, currentDir=C:\Users\sergey.tselin\Desktop\Сергей\Личное\Software\java_pft\sandbox}, connection = DefaultDaemonConnection: socket connection from /127.0.0.1:50555 to /127.0.0.1:50556]. Result org.gradle.launcher.daemon.server.DaemonStateCoordinator@255aac35 with state Busy
09:46:26.140 [DEBUG] [org.gradle.launcher.daemon.server.DaemonStateCoordinator] Command execution: completed DaemonCommandExecution[command = Build{id=dae92b86-f15a-43cd-b714-89044e77abb4, currentDir=C:\Users\sergey.tselin\Desktop\Сергей\Личное\Software\java_pft\sandbox}, connection = DefaultDaemonConnection: socket connection from /127.0.0.1:50555 to /127.0.0.1:50556]
09:46:26.140 [DEBUG] [org.gradle.launcher.daemon.server.DaemonStateCoordinator] resetting idle timer
09:46:26.141 [INFO] [org.gradle.launcher.daemon.server.DaemonRegistryUpdater] Marking the daemon as idle, address: [4f29f002-a19a-4277-a598-55c8671a43f6 port:50555, addresses:[/127.0.0.1, /0:0:0:0:0:0:0:1]]
09:46:26.141 [DEBUG] [org.gradle.launcher.daemon.registry.PersistentDaemonRegistry] Marking busy by address: [4f29f002-a19a-4277-a598-55c8671a43f6 port:50555, addresses:[/127.0.0.1, /0:0:0:0:0:0:0:1]]
09:46:26.141 [DEBUG] [org.gradle.cache.internal.DefaultFileLockManager] Waiting to acquire exclusive lock on daemon addresses registry.
09:46:26.143 [DEBUG] [org.gradle.cache.internal.DefaultFileLockManager] Lock acquired on daemon addresses registry.
09:46:26.149 [DEBUG] [org.gradle.cache.internal.DefaultFileLockManager] Releasing lock on daemon addresses registry.
09:46:26.153 [DEBUG] [org.gradle.launcher.daemon.server.DaemonStateCoordinator] daemon is running. Sleeping until state changes.
09:46:26.154 [DEBUG] [org.gradle.launcher.daemon.server.exec.ReturnResult] Daemon is dispatching the build result: Success[value=null]
09:46:26.154 [DEBUG] [org.gradle.launcher.daemon.server.SynchronizedDispatchConnection] thread 15: dispatching class org.gradle.launcher.daemon.protocol.Success
09:46:26.154 [DEBUG] [org.gradle.launcher.daemon.server.DefaultIncomingConnectionHandler] Finishing executing command: Build{id=dae92b86-f15a-43cd-b714-89044e77abb4, currentDir=C:\Users\sergey.tselin\Desktop\Сергей\Личное\Software\java_pft\sandbox}
09:46:26.154 [DEBUG] [org.gradle.launcher.daemon.server.SynchronizedDispatchConnection] thread 16: received class org.gradle.launcher.daemon.protocol.CloseInput
09:46:26.155 [DEBUG] [org.gradle.launcher.daemon.server.DefaultDaemonConnection] thread 16: Received IO message from client: org.gradle.launcher.daemon.protocol.CloseInput@22f29272
09:46:26.155 [DEBUG] [org.gradle.launcher.daemon.server.SynchronizedDispatchConnection] thread 16: received class org.gradle.launcher.daemon.protocol.Finished
09:46:26.155 [DEBUG] [org.gradle.launcher.daemon.server.DefaultDaemonConnection] thread 16: Received non-IO message from client: org.gradle.launcher.daemon.protocol.Finished@74f52cdc
09:46:26.155 [DEBUG] [org.gradle.launcher.daemon.server.DefaultIncomingConnectionHandler] Received finished message: org.gradle.launcher.daemon.protocol.Finished@74f52cdc
09:46:26.156 [DEBUG] [org.gradle.internal.remote.internal.inet.SocketConnection] Discarding EOFException: java.io.EOFException
09:46:26.156 [DEBUG] [org.gradle.launcher.daemon.server.SynchronizedDispatchConnection] thread 16: received null
09:46:26.156 [DEBUG] [org.gradle.launcher.daemon.server.DefaultDaemonConnection] thread 16: Received end-of-input from client.
09:46:26.157 [DEBUG] [org.gradle.launcher.daemon.server.SynchronizedDispatchConnection] thread 15: stopping connection
09:46:26.157 [DEBUG] [org.gradle.launcher.daemon.server.SynchronizedDispatchConnection] thread 15: stopping connection
